<?xml version="1.0" encoding="UTF-8"?>
<!-- Generated by org.testng.reporters.JUnitReportReporter -->
<testsuite skipped="0" hostname="RITHWIK-PC" name="RestassuredProject.RestassuredProject.POST" tests="1" failures="0" timestamp="22 May 2018 16:55:43 GMT" time="8.366" errors="0">
  <testcase name="post1" time="8.366" classname="RestassuredProject.RestassuredProject.POST"/>
</testsuite> <!-- RestassuredProject.RestassuredProject.POST -->
