<?xml version="1.0" encoding="UTF-8"?>
<!-- Generated by org.testng.reporters.JUnitReportReporter -->
<testsuite skipped="0" hostname="RITHWIK-PC" name="getRequest.Getdata" tests="2" failures="0" timestamp="08 May 2018 18:23:15 GMT" time="9.391" errors="0">
  <testcase name="Test" time="8.643" classname="getRequest.Getdata"/>
  <testcase name="TestResponseCode" time="0.748" classname="getRequest.Getdata"/>
</testsuite> <!-- getRequest.Getdata -->
