<?xml version="1.0" encoding="UTF-8"?>
<!-- Generated by org.testng.reporters.JUnitReportReporter -->
<testsuite skipped="0" hostname="RITHWIK-PC" name="getRequest.Getdata2" tests="2" failures="0" timestamp="11 Apr 2018 23:10:52 GMT" time="3.707" errors="0">
  <testcase name="TestResponseCode" time="0.363" classname="getRequest.Getdata2"/>
  <testcase name="Test" time="3.344" classname="getRequest.Getdata2"/>
</testsuite> <!-- getRequest.Getdata2 -->
